Determining if the pthread_create exist failed with the following output:
Change Dir: /home/akshay/Documents/software_dev_course/valgrind/build/CMakeFiles/CMakeTmp

Run Build Command:"/usr/bin/make" "cmTC_15b72/fast"
/usr/bin/make -f CMakeFiles/cmTC_15b72.dir/build.make CMakeFiles/cmTC_15b72.dir/build
make[1]: Entering directory '/home/akshay/Documents/software_dev_course/valgrind/build/CMakeFiles/CMakeTmp'
Building C object CMakeFiles/cmTC_15b72.dir/CheckSymbolExists.c.o
/usr/bin/cc     -o CMakeFiles/cmTC_15b72.dir/CheckSymbolExists.c.o   -c /home/akshay/Documents/software_dev_course/valgrind/build/CMakeFiles/CMakeTmp/CheckSymbolExists.c
Linking C executable cmTC_15b72
/usr/bin/cmake -E cmake_link_script CMakeFiles/cmTC_15b72.dir/link.txt --verbose=1
/usr/bin/cc       CMakeFiles/cmTC_15b72.dir/CheckSymbolExists.c.o  -o cmTC_15b72 -rdynamic 
CMakeFiles/cmTC_15b72.dir/CheckSymbolExists.c.o: In function `main':
CheckSymbolExists.c:(.text+0x16): undefined reference to `pthread_create'
collect2: error: ld returned 1 exit status
CMakeFiles/cmTC_15b72.dir/build.make:97: recipe for target 'cmTC_15b72' failed
make[1]: *** [cmTC_15b72] Error 1
make[1]: Leaving directory '/home/akshay/Documents/software_dev_course/valgrind/build/CMakeFiles/CMakeTmp'
Makefile:126: recipe for target 'cmTC_15b72/fast' failed
make: *** [cmTC_15b72/fast] Error 2

File /home/akshay/Documents/software_dev_course/valgrind/build/CMakeFiles/CMakeTmp/CheckSymbolExists.c:
/* */
#include <pthread.h>

int main(int argc, char** argv)
{
  (void)argv;
#ifndef pthread_create
  return ((int*)(&pthread_create))[argc];
#else
  (void)argc;
  return 0;
#endif
}

Determining if the function pthread_create exists in the pthreads failed with the following output:
Change Dir: /home/akshay/Documents/software_dev_course/valgrind/build/CMakeFiles/CMakeTmp

Run Build Command:"/usr/bin/make" "cmTC_84fdc/fast"
/usr/bin/make -f CMakeFiles/cmTC_84fdc.dir/build.make CMakeFiles/cmTC_84fdc.dir/build
make[1]: Entering directory '/home/akshay/Documents/software_dev_course/valgrind/build/CMakeFiles/CMakeTmp'
Building C object CMakeFiles/cmTC_84fdc.dir/CheckFunctionExists.c.o
/usr/bin/cc    -DCHECK_FUNCTION_EXISTS=pthread_create   -o CMakeFiles/cmTC_84fdc.dir/CheckFunctionExists.c.o   -c /usr/share/cmake-3.5/Modules/CheckFunctionExists.c
Linking C executable cmTC_84fdc
/usr/bin/cmake -E cmake_link_script CMakeFiles/cmTC_84fdc.dir/link.txt --verbose=1
/usr/bin/cc   -DCHECK_FUNCTION_EXISTS=pthread_create    CMakeFiles/cmTC_84fdc.dir/CheckFunctionExists.c.o  -o cmTC_84fdc -rdynamic -lpthreads 
/usr/bin/ld: cannot find -lpthreads
collect2: error: ld returned 1 exit status
CMakeFiles/cmTC_84fdc.dir/build.make:97: recipe for target 'cmTC_84fdc' failed
make[1]: *** [cmTC_84fdc] Error 1
make[1]: Leaving directory '/home/akshay/Documents/software_dev_course/valgrind/build/CMakeFiles/CMakeTmp'
Makefile:126: recipe for target 'cmTC_84fdc/fast' failed
make: *** [cmTC_84fdc/fast] Error 2


